Change Component Designator: Old Designator=C? New Designator=C43
Change Component Designator: Old Designator=C? New Designator=C44
Change Component Designator: Old Designator=C? New Designator=C45
Change Component Designator: Old Designator=C? New Designator=C46
Change Component Designator: Old Designator=C? New Designator=C47
Change Component Designator: Old Designator=C? New Designator=C48
Change Component Designator: Old Designator=C? New Designator=C49
Change Component Designator: Old Designator=C? New Designator=C50
Change Component Designator: Old Designator=C? New Designator=C51
Change Component Designator: Old Designator=C? New Designator=C52
Change Component Designator: Old Designator=C? New Designator=C53
Change Component Designator: Old Designator=C? New Designator=C54
Change Component Designator: Old Designator=C? New Designator=C55
Change Component Designator: Old Designator=C? New Designator=C56
Change Component Designator: Old Designator=C? New Designator=C57
Change Component Designator: Old Designator=C? New Designator=C58
Change Component Designator: Old Designator=J? New Designator=J5
Change Component Designator: Old Designator=J? New Designator=J6
Change Component Designator: Old Designator=J? New Designator=J7
Change Component Designator: Old Designator=J? New Designator=J8
Change Component Designator: Old Designator=R? New Designator=R45
Change Component Designator: Old Designator=R? New Designator=R46
Change Component Designator: Old Designator=R? New Designator=R47
Change Component Designator: Old Designator=R? New Designator=R48
Change Component Designator: Old Designator=R? New Designator=R49
Change Component Designator: Old Designator=R? New Designator=R50
Change Component Designator: Old Designator=R? New Designator=R51
Change Component Designator: Old Designator=R? New Designator=R52
Change Component Designator: Old Designator=R? New Designator=R53
Change Component Designator: Old Designator=R? New Designator=R54
Change Component Designator: Old Designator=R? New Designator=R55
Change Component Designator: Old Designator=R? New Designator=R56
Change Component Designator: Old Designator=R? New Designator=R57
Change Component Designator: Old Designator=R? New Designator=R58
Change Component Designator: Old Designator=R? New Designator=R59
Change Component Designator: Old Designator=R? New Designator=R60
Change Component Designator: Old Designator=R? New Designator=R61
Change Component Designator: Old Designator=R? New Designator=R62
Change Component Designator: Old Designator=R? New Designator=R63
Change Component Designator: Old Designator=R? New Designator=R64
Change Component Designator: Old Designator=R? New Designator=R65
Change Component Designator: Old Designator=R? New Designator=R66
Change Component Designator: Old Designator=R? New Designator=R67
Change Component Designator: Old Designator=R? New Designator=R68
Change Component Designator: Old Designator=R? New Designator=R69
Change Component Designator: Old Designator=R? New Designator=R70
Change Component Designator: Old Designator=R? New Designator=R71
Change Component Designator: Old Designator=R? New Designator=R72
Change Component Designator: Old Designator=R? New Designator=R73
Change Component Designator: Old Designator=R? New Designator=R74
Change Component Designator: Old Designator=R? New Designator=R75
Change Component Designator: Old Designator=R? New Designator=R76
Change Component Designator: Old Designator=R? New Designator=R77
Change Component Designator: Old Designator=R? New Designator=R78
Change Component Designator: Old Designator=R? New Designator=R79
Change Component Designator: Old Designator=R? New Designator=R80
Change Component Designator: Old Designator=R? New Designator=R81
Change Component Designator: Old Designator=R? New Designator=R82
Change Component Designator: Old Designator=R? New Designator=R83
Change Component Designator: Old Designator=R? New Designator=R84
Change Component Designator: Old Designator=R? New Designator=R85
Change Component Designator: Old Designator=R? New Designator=R86
Change Component Designator: Old Designator=R? New Designator=R87
Change Component Designator: Old Designator=R? New Designator=R88
Change Component Designator: Old Designator=R? New Designator=R89
Change Component Designator: Old Designator=R? New Designator=R90
Change Component Designator: Old Designator=TP? New Designator=TP15
Change Component Designator: Old Designator=TP? New Designator=TP16
Change Component Designator: Old Designator=TP? New Designator=TP17
Change Component Designator: Old Designator=TP? New Designator=TP18
Change Component Designator: Old Designator=TP? New Designator=TP19
Change Component Designator: Old Designator=TP? New Designator=TP20
Change Component Designator: Old Designator=TP? New Designator=TP21
Change Component Designator: Old Designator=TP? New Designator=TP22
Change Component Designator: Old Designator=TP? New Designator=TP23
Change Component Designator: Old Designator=TP? New Designator=TP24
Change Component Designator: Old Designator=TP? New Designator=TP25
Change Component Designator: Old Designator=TP? New Designator=TP26
Change Component Designator: Old Designator=TP? New Designator=TP27
Change Component Designator: Old Designator=TP? New Designator=TP28
Change Component Designator: Old Designator=TP? New Designator=TP29
Change Component Designator: Old Designator=TP? New Designator=TP30
Change Component Designator: Old Designator=TP? New Designator=TP31
Change Component Designator: Old Designator=TP? New Designator=TP32
Change Component Designator: Old Designator=TP? New Designator=TP33
Change Component Designator: Old Designator=U? New Designator=U3
