Change Component Designator: Old Designator=C? New Designator=C138
Change Component Designator: Old Designator=C? New Designator=C139
Change Component Designator: Old Designator=C? New Designator=C140
Change Component Designator: Old Designator=C? New Designator=C141
Change Component Designator: Old Designator=C? New Designator=C142
Change Component Designator: Old Designator=C? New Designator=C143
Change Component Designator: Old Designator=C? New Designator=C144
Change Component Designator: Old Designator=C? New Designator=C145
Change Component Designator: Old Designator=C? New Designator=C146
Change Component Designator: Old Designator=C? New Designator=C147
Change Component Designator: Old Designator=C? New Designator=C148
Change Component Designator: Old Designator=C? New Designator=C149
Change Component Designator: Old Designator=C? New Designator=C150
Change Component Designator: Old Designator=C? New Designator=C151
Change Component Designator: Old Designator=C? New Designator=C152
Change Component Designator: Old Designator=C? New Designator=C153
Change Component Designator: Old Designator=J? New Designator=J16
Change Component Designator: Old Designator=J? New Designator=J17
Change Component Designator: Old Designator=J? New Designator=J18
Change Component Designator: Old Designator=J? New Designator=J19
Change Component Designator: Old Designator=R? New Designator=R199
Change Component Designator: Old Designator=R? New Designator=R200
Change Component Designator: Old Designator=R? New Designator=R201
Change Component Designator: Old Designator=R? New Designator=R202
Change Component Designator: Old Designator=R? New Designator=R203
Change Component Designator: Old Designator=R? New Designator=R204
Change Component Designator: Old Designator=R? New Designator=R205
Change Component Designator: Old Designator=R? New Designator=R206
Change Component Designator: Old Designator=R? New Designator=R207
Change Component Designator: Old Designator=R? New Designator=R208
Change Component Designator: Old Designator=R? New Designator=R209
Change Component Designator: Old Designator=R? New Designator=R210
Change Component Designator: Old Designator=R? New Designator=R211
Change Component Designator: Old Designator=R? New Designator=R212
Change Component Designator: Old Designator=R? New Designator=R213
Change Component Designator: Old Designator=R? New Designator=R214
Change Component Designator: Old Designator=R? New Designator=R215
Change Component Designator: Old Designator=R? New Designator=R216
Change Component Designator: Old Designator=R? New Designator=R217
Change Component Designator: Old Designator=R? New Designator=R218
Change Component Designator: Old Designator=R? New Designator=R219
Change Component Designator: Old Designator=R? New Designator=R220
Change Component Designator: Old Designator=R? New Designator=R221
Change Component Designator: Old Designator=R? New Designator=R222
Change Component Designator: Old Designator=R? New Designator=R223
Change Component Designator: Old Designator=R? New Designator=R224
Change Component Designator: Old Designator=R? New Designator=R225
Change Component Designator: Old Designator=R? New Designator=R226
Change Component Designator: Old Designator=R? New Designator=R227
Change Component Designator: Old Designator=R? New Designator=R228
Change Component Designator: Old Designator=R? New Designator=R229
Change Component Designator: Old Designator=R? New Designator=R230
Change Component Designator: Old Designator=R? New Designator=R231
Change Component Designator: Old Designator=R? New Designator=R232
Change Component Designator: Old Designator=R? New Designator=R233
Change Component Designator: Old Designator=R? New Designator=R234
Change Component Designator: Old Designator=R? New Designator=R235
Change Component Designator: Old Designator=R? New Designator=R236
Change Component Designator: Old Designator=R? New Designator=R237
Change Component Designator: Old Designator=R? New Designator=R238
Change Component Designator: Old Designator=R? New Designator=R239
Change Component Designator: Old Designator=R? New Designator=R240
Change Component Designator: Old Designator=R? New Designator=R241
Change Component Designator: Old Designator=R? New Designator=R242
Change Component Designator: Old Designator=R? New Designator=R243
Change Component Designator: Old Designator=R? New Designator=R244
Change Component Designator: Old Designator=TP? New Designator=TP71
Change Component Designator: Old Designator=TP? New Designator=TP72
Change Component Designator: Old Designator=TP? New Designator=TP73
Change Component Designator: Old Designator=TP? New Designator=TP74
Change Component Designator: Old Designator=TP? New Designator=TP75
Change Component Designator: Old Designator=TP? New Designator=TP76
Change Component Designator: Old Designator=TP? New Designator=TP77
Change Component Designator: Old Designator=TP? New Designator=TP78
Change Component Designator: Old Designator=TP? New Designator=TP79
Change Component Designator: Old Designator=TP? New Designator=TP80
Change Component Designator: Old Designator=TP? New Designator=TP81
Change Component Designator: Old Designator=TP? New Designator=TP82
Change Component Designator: Old Designator=TP? New Designator=TP83
Change Component Designator: Old Designator=TP? New Designator=TP84
Change Component Designator: Old Designator=TP? New Designator=TP85
Change Component Designator: Old Designator=TP? New Designator=TP86
Change Component Designator: Old Designator=TP? New Designator=TP87
Change Component Designator: Old Designator=TP? New Designator=TP88
Change Component Designator: Old Designator=TP? New Designator=TP89
Change Component Designator: Old Designator=U? New Designator=U19
