Change Component Designator: Old Designator=C? New Designator=C154
Change Component Designator: Old Designator=C? New Designator=C155
Change Component Designator: Old Designator=C? New Designator=C156
Change Component Designator: Old Designator=C? New Designator=C157
Change Component Designator: Old Designator=C? New Designator=C158
Change Component Designator: Old Designator=C? New Designator=C159
Change Component Designator: Old Designator=C? New Designator=C160
Change Component Designator: Old Designator=C? New Designator=C161
Change Component Designator: Old Designator=C? New Designator=C162
Change Component Designator: Old Designator=C? New Designator=C163
Change Component Designator: Old Designator=C? New Designator=C164
Change Component Designator: Old Designator=C? New Designator=C165
Change Component Designator: Old Designator=C? New Designator=C166
Change Component Designator: Old Designator=C? New Designator=C167
Change Component Designator: Old Designator=C? New Designator=C168
Change Component Designator: Old Designator=C? New Designator=C169
Change Component Designator: Old Designator=C? New Designator=C170
Change Component Designator: Old Designator=C? New Designator=C171
Change Component Designator: Old Designator=C? New Designator=C172
Change Component Designator: Old Designator=C? New Designator=C173
Change Component Designator: Old Designator=C? New Designator=C174
Change Component Designator: Old Designator=C? New Designator=C175
Change Component Designator: Old Designator=C? New Designator=C176
Change Component Designator: Old Designator=C? New Designator=C177
Change Component Designator: Old Designator=C? New Designator=C178
Change Component Designator: Old Designator=FB? New Designator=FB8
Change Component Designator: Old Designator=FB? New Designator=FB9
Change Component Designator: Old Designator=R? New Designator=R245
Change Component Designator: Old Designator=R? New Designator=R246
Change Component Designator: Old Designator=R? New Designator=R247
Change Component Designator: Old Designator=R? New Designator=R248
Change Component Designator: Old Designator=R? New Designator=R249
Change Component Designator: Old Designator=R? New Designator=R250
Change Component Designator: Old Designator=R? New Designator=R251
Change Component Designator: Old Designator=R? New Designator=R252
Change Component Designator: Old Designator=R? New Designator=R253
Change Component Designator: Old Designator=R? New Designator=R254
Change Component Designator: Old Designator=R? New Designator=R255
Change Component Designator: Old Designator=R? New Designator=R256
Change Component Designator: Old Designator=R? New Designator=R257
Change Component Designator: Old Designator=TP? New Designator=TP90
Change Component Designator: Old Designator=TP? New Designator=TP91
Change Component Designator: Old Designator=TP? New Designator=TP92
Change Component Designator: Old Designator=TP? New Designator=TP93
Change Component Designator: Old Designator=TP? New Designator=TP94
Change Component Designator: Old Designator=TP? New Designator=TP95
Change Component Designator: Old Designator=TP? New Designator=TP96
Change Component Designator: Old Designator=TP? New Designator=TP97
Change Component Designator: Old Designator=TP? New Designator=TP98
Change Component Designator: Old Designator=U? New Designator=U20
Change Component Designator: Old Designator=U? New Designator=U19
Change Component Designator: Old Designator=U? New Designator=U20
