Change Component Designator: Old Designator=C? New Designator=C127
Change Component Designator: Old Designator=C? New Designator=C128
Change Component Designator: Old Designator=C? New Designator=C129
Change Component Designator: Old Designator=C? New Designator=C130
Change Component Designator: Old Designator=D? New Designator=D14
Change Component Designator: Old Designator=D? New Designator=D15
Change Component Designator: Old Designator=D? New Designator=D16
Change Component Designator: Old Designator=D? New Designator=D17
Change Component Designator: Old Designator=F? New Designator=F1
Change Component Designator: Old Designator=F? New Designator=F2
Change Component Designator: Old Designator=F? New Designator=F3
Change Component Designator: Old Designator=F? New Designator=F4
Change Component Designator: Old Designator=J? New Designator=J13
Change Component Designator: Old Designator=K? New Designator=K1
Change Component Designator: Old Designator=K? New Designator=K2
Change Component Designator: Old Designator=K? New Designator=K3
Change Component Designator: Old Designator=K? New Designator=K4
Change Component Designator: Old Designator=Q? New Designator=Q6
Change Component Designator: Old Designator=Q? New Designator=Q7
Change Component Designator: Old Designator=Q? New Designator=Q8
Change Component Designator: Old Designator=Q? New Designator=Q9
Change Component Designator: Old Designator=R? New Designator=R158
Change Component Designator: Old Designator=R? New Designator=R159
Change Component Designator: Old Designator=R? New Designator=R160
Change Component Designator: Old Designator=R? New Designator=R161
Change Component Designator: Old Designator=R? New Designator=R162
Change Component Designator: Old Designator=R? New Designator=R163
Change Component Designator: Old Designator=R? New Designator=R164
Change Component Designator: Old Designator=R? New Designator=R165
Change Component Designator: Old Designator=R? New Designator=R166
Change Component Designator: Old Designator=R? New Designator=R167
Change Component Designator: Old Designator=R? New Designator=R168
Change Component Designator: Old Designator=R? New Designator=R169
Change Component Designator: Old Designator=R? New Designator=R170
Change Component Designator: Old Designator=R? New Designator=R171
Change Component Designator: Old Designator=R? New Designator=R172
Change Component Designator: Old Designator=R? New Designator=R173
