Removed Pin From Net: NetName=PB10 Pin=R8-1
Removed Pin From Net: NetName=PD7 Pin=R16-1
Removed Pin From Net: NetName=PB12 Pin=R17-2
Removed Pin From Net: NetName=PB13 Pin=R18-2
Removed Pin From Net: NetName=PF0 Pin=R19-2
Removed Pin From Net: NetName=PF1 Pin=R20-2
Removed Pin From Net: NetName=PF2 Pin=R27-2
Removed Pin From Net: NetName=PF3 Pin=R28-2
Removed Pin From Net: NetName=PF4 Pin=R29-2
Removed Member From Class: ClassName=U_STM32_IO Member=R8
Removed Member From Class: ClassName=U_STM32_IO Member=R16
Removed Member From Class: ClassName=U_STM32_IO Member=R17
Removed Member From Class: ClassName=U_STM32_IO Member=R18
Removed Member From Class: ClassName=U_STM32_IO Member=R19
Removed Member From Class: ClassName=U_STM32_IO Member=R20
Removed Member From Class: ClassName=U_STM32_IO Member=R27
Removed Member From Class: ClassName=U_STM32_IO Member=R28
Removed Member From Class: ClassName=U_STM32_IO Member=R29
Added Pin To Net: NetName=PB12 Pin=TP51-1
Added Pin To Net: NetName=PB13 Pin=TP52-1
Added Pin To Net: NetName=PD7 Pin=TP75-1
Added Pin To Net: NetName=PB10 Pin=U1-41
Added Pin To Net: NetName=PB12 Pin=U13-3
Added Pin To Net: NetName=PB13 Pin=U13-4
Added Pin To Net: NetName=PF1 Pin=U18-2
Added Pin To Net: NetName=PF2 Pin=U18-3
Added Pin To Net: NetName=PF0 Pin=U18-5
Added Pin To Net: NetName=PF4 Pin=U18-6
Added Pin To Net: NetName=PF3 Pin=U18-7
Added Pin To Net: NetName=PD7 Pin=U19-55
Change Net Name : Old Net Name=PB10 New Net Name=PA5
