Removed Pin From Net: NetName=ISO_IN2_B_GND Pin=J8-01
Removed Pin From Net: NetName=ISO_IN2_B Pin=J8-02
Removed Pin From Net: NetName=ISO_IN1_B_GND Pin=J8-03
Removed Pin From Net: NetName=ISO_IN1_B Pin=J8-04
Removed Pin From Net: NetName=ISO_IN2_A_GND Pin=J8-05
Removed Pin From Net: NetName=ISO_IN2_A Pin=J8-06
Removed Pin From Net: NetName=ISO_IN1_A_GND Pin=J8-07
Removed Pin From Net: NetName=ISO_IN1_A Pin=J8-08
Removed Pin From Net: NetName=ISO_IN2_D_GND Pin=J11-01
Removed Pin From Net: NetName=ISO_IN2_D Pin=J11-02
Removed Pin From Net: NetName=ISO_IN1_D_GND Pin=J11-03
Removed Pin From Net: NetName=ISO_IN1_D Pin=J11-04
Removed Pin From Net: NetName=ISO_IN2_C_GND Pin=J11-05
Removed Pin From Net: NetName=ISO_IN2_C Pin=J11-06
Removed Pin From Net: NetName=ISO_IN1_C_GND Pin=J11-07
Removed Pin From Net: NetName=ISO_IN1_C Pin=J11-08
Add Class Member: Failed to add class member : Component J14 1803578
Add Class Member: Failed to add class member : Component J16 1803633
Add Class Member: Failed to add class member : Component J17 1803633
Add Class Member: Failed to add class member : Component J18 1803633
Add Class Member: Failed to add class member : Component J19 1803633
Add Class Member: Failed to add class member : Component J20 1803633
Add Class Member: Failed to add class member : Component J22 1803633
Add Class Member: Failed to add class member : Component J23 1803633
Add Class Member: Failed to add class member : Component J24 1803633
