Removed Pin From Net: NetName=PG7 Pin=R163-1
Added Pin To Net: NetName=PD3 Pin=R163-1
Add Pin To Net: Unknown Pin: Pin TP43-1
Add Pin To Net: Unknown Pin: Pin TP44-1
Add Pin To Net: Unknown Pin: Pin TP45-1
Add Pin To Net: Unknown Pin: Pin TP46-1
Add Pin To Net: Unknown Pin: Pin TP47-1
Add Pin To Net: Unknown Pin: Pin TP48-1
Add Pin To Net: Unknown Pin: Pin TP49-1
Add Pin To Net: Unknown Pin: Pin TP50-1
Add Pin To Net: Unknown Pin: Pin TP51-1
Add Pin To Net: Unknown Pin: Pin TP52-1
Add Pin To Net: Unknown Pin: Pin TP53-1
Add Pin To Net: Unknown Pin: Pin TP54-1
Add Pin To Net: Unknown Pin: Pin TP55-1
Add Pin To Net: Unknown Pin: Pin TP56-1
Add Pin To Net: Unknown Pin: Pin TP57-1
Add Pin To Net: Unknown Pin: Pin TP58-1
Add Pin To Net: Unknown Pin: Pin TP63-1
Add Pin To Net: Unknown Pin: Pin TP64-1
Add Pin To Net: Unknown Pin: Pin TP65-1
Add Pin To Net: Unknown Pin: Pin TP66-1
Add Pin To Net: Unknown Pin: Pin TP67-1
Add Pin To Net: Unknown Pin: Pin TP68-1
Add Pin To Net: Unknown Pin: Pin TP73-1
Add Pin To Net: Unknown Pin: Pin TP74-1
Add Pin To Net: Unknown Pin: Pin TP75-1
Add Pin To Net: Unknown Pin: Pin TP90-1
Add Pin To Net: Unknown Pin: Pin TP91-1
Add Pin To Net: Unknown Pin: Pin TP92-1
Add Pin To Net: Unknown Pin: Pin TP93-1
Add Pin To Net: Unknown Pin: Pin TP94-1
Add Pin To Net: Unknown Pin: Pin TP95-1
Add Pin To Net: Unknown Pin: Pin TP96-1
Add Pin To Net: Unknown Pin: Pin TP97-1
Add Pin To Net: Unknown Pin: Pin TP98-1
Add Class Member: Failed to add class member : Component J14 1803578
Add Class Member: Failed to add class member : Component J16 1803633
Add Class Member: Failed to add class member : Component J17 1803633
Add Class Member: Failed to add class member : Component J18 1803633
Add Class Member: Failed to add class member : Component J19 1803633
Add Class Member: Failed to add class member : Component J20 1803633
Add Class Member: Failed to add class member : Component J22 1803633
Add Class Member: Failed to add class member : Component J23 1803633
Add Class Member: Failed to add class member : Component J24 1803633
Add Class Member: Failed to add class member : Component TP43 5019
Add Class Member: Failed to add class member : Component TP44 5019
Add Class Member: Failed to add class member : Component TP45 5019
Add Class Member: Failed to add class member : Component TP46 5019
Add Class Member: Failed to add class member : Component TP47 5019
Add Class Member: Failed to add class member : Component TP48 5019
Add Class Member: Failed to add class member : Component TP49 5019
Add Class Member: Failed to add class member : Component TP50 5019
Add Class Member: Failed to add class member : Component TP51 5019
Add Class Member: Failed to add class member : Component TP52 5019
Add Class Member: Failed to add class member : Component TP53 5019
Add Class Member: Failed to add class member : Component TP54 5019
Add Class Member: Failed to add class member : Component TP55 5019
Add Class Member: Failed to add class member : Component TP56 5019
Add Class Member: Failed to add class member : Component TP57 5019
Add Class Member: Failed to add class member : Component TP58 5019
Add Class Member: Failed to add class member : Component TP63 5019
Add Class Member: Failed to add class member : Component TP64 5019
Add Class Member: Failed to add class member : Component TP65 5019
Add Class Member: Failed to add class member : Component TP66 5019
Add Class Member: Failed to add class member : Component TP67 5019
Add Class Member: Failed to add class member : Component TP68 5019
Add Class Member: Failed to add class member : Component TP73 5019
Add Class Member: Failed to add class member : Component TP74 5019
Add Class Member: Failed to add class member : Component TP75 5019
Add Class Member: Failed to add class member : Component TP90 5019
Add Class Member: Failed to add class member : Component TP91 5019
Add Class Member: Failed to add class member : Component TP92 5019
Add Class Member: Failed to add class member : Component TP93 5019
Add Class Member: Failed to add class member : Component TP94 5019
Add Class Member: Failed to add class member : Component TP95 5019
Add Class Member: Failed to add class member : Component TP96 5019
Add Class Member: Failed to add class member : Component TP97 5019
Add Class Member: Failed to add class member : Component TP98 5019
