Removed Pin From Net: NetName=GND Pin=R222-1
Removed Pin From Net: NetName=GND Pin=R223-1
Removed Pin From Net: NetName=GND Pin=R224-1
Removed Pin From Net: NetName=GND Pin=R225-1
Removed Pin From Net: NetName=GND Pin=R226-1
Removed Pin From Net: NetName=GND Pin=R227-1
Removed Pin From Net: NetName=GND Pin=R228-1
Removed Pin From Net: NetName=GND Pin=R229-1
Removed Pin From Net: NetName=GND Pin=R230-1
Removed Pin From Net: NetName=GND Pin=R231-1
Removed Pin From Net: NetName=GND Pin=R232-1
Removed Pin From Net: NetName=GND Pin=R233-1
Removed Pin From Net: NetName=GND Pin=R247-2
Removed Pin From Net: NetName=GND Pin=R249-2
Removed Pin From Net: NetName=GND Pin=R251-2
Removed Pin From Net: NetName=GND Pin=R253-2
Removed Pin From Net: NetName=GND Pin=R255-1
Removed Pin From Net: NetName=GND Pin=R256-1
Removed Pin From Net: NetName=GND Pin=R257-1
Removed Member From Class: ClassName=U_ADS8686S_BLOCK_A Member=R222
Removed Member From Class: ClassName=U_ADS8686S_BLOCK_A Member=R223
Removed Member From Class: ClassName=U_ADS8686S_BLOCK_A Member=R224
Removed Member From Class: ClassName=U_ADS8686S_BLOCK_A Member=R225
Removed Member From Class: ClassName=U_ADS8686S_BLOCK_A Member=R226
Removed Member From Class: ClassName=U_ADS8686S_BLOCK_A Member=R227
Removed Member From Class: ClassName=U_ADS8686S_BLOCK_A Member=R228
Removed Member From Class: ClassName=U_ADS8686S_BLOCK_A Member=R229
Removed Member From Class: ClassName=U_ADS8686S_BLOCK_A Member=R230
Removed Member From Class: ClassName=U_ADS8686S_BLOCK_A Member=R231
Removed Member From Class: ClassName=U_ADS8686S_BLOCK_A Member=R232
Removed Member From Class: ClassName=U_ADS8686S_BLOCK_A Member=R233
Removed Member From Class: ClassName=U_ADS8686S_BLOCK_B Member=R247
Removed Member From Class: ClassName=U_ADS8686S_BLOCK_B Member=R249
Removed Member From Class: ClassName=U_ADS8686S_BLOCK_B Member=R251
Removed Member From Class: ClassName=U_ADS8686S_BLOCK_B Member=R253
Removed Member From Class: ClassName=U_ADS8686S_BLOCK_B Member=R255
Removed Member From Class: ClassName=U_ADS8686S_BLOCK_B Member=R256
Removed Member From Class: ClassName=U_ADS8686S_BLOCK_B Member=R257
Added Pin To Net: NetName=GND Pin=U19-37
Added Pin To Net: NetName=GND Pin=U19-38
Added Pin To Net: NetName=GND Pin=U19-39
Added Pin To Net: NetName=GND Pin=U19-41
Added Pin To Net: NetName=GND Pin=U19-42
Added Pin To Net: NetName=GND Pin=U19-43
Added Pin To Net: NetName=GND Pin=U19-44
Added Pin To Net: NetName=GND Pin=U19-46
Added Pin To Net: NetName=GND Pin=U19-47
Added Pin To Net: NetName=GND Pin=U19-48
Added Pin To Net: NetName=GND Pin=U19-53
Added Pin To Net: NetName=GND Pin=U19-54
Added Pin To Net: NetName=GND Pin=U19-58
Added Pin To Net: NetName=GND Pin=U19-59
Added Pin To Net: NetName=GND Pin=U19-60
Added Pin To Net: NetName=GND Pin=U19-61
Added Pin To Net: NetName=GND Pin=U19-64
Added Pin To Net: NetName=GND Pin=U19-65
Added Pin To Net: NetName=GND Pin=U19-66
Change Net Name : Old Net Name=GND New Net Name=DB0
Added Member To Class: ClassName=U_ADS8686S_BLOCK_B Member=Component C162 CL05B104KO5VPNC
Added Member To Class: ClassName=U_ADS8686S_BLOCK_B Member=Component C164 CL05B104KO5VPNC
Added Member To Class: ClassName=U_ADS8686S_BLOCK_B Member=Component C166 CL05B104KO5VPNC
Added Member To Class: ClassName=U_ADS8686S_BLOCK_B Member=Component C168 CL05B104KO5VPNC
Added Member To Class: ClassName=U_ADS8686S_BLOCK_B Member=Component C170 CL05B104KO5VPNC
Added Member To Class: ClassName=U_ADS8686S_BLOCK_B Member=Component C172 CL05B104KO5VPNC
Added Member To Class: ClassName=U_ADS8686S_BLOCK_B Member=Component C173 CL05B104KO5VPNC
Added Member To Class: ClassName=U_ADS8686S_BLOCK_B Member=Component C176 CL05B104KO5VPNC
Added Member To Class: ClassName=U_ADS8686S_BLOCK_B Member=Component C178 CL05B104KO5VPNC
