Removed Pin From Net: NetName=PB12 Pin=TP51-1
Removed Pin From Net: NetName=PB13 Pin=TP52-1
Removed Pin From Net: NetName=PA5 Pin=U1-41
Removed Pin From Net: NetName=PB12 Pin=U13-3
Removed Pin From Net: NetName=PB13 Pin=U13-4
Removed Pin From Net: NetName=PF1 Pin=U18-2
Removed Pin From Net: NetName=PF2 Pin=U18-3
Removed Pin From Net: NetName=PF0 Pin=U18-5
Removed Pin From Net: NetName=PF4 Pin=U18-6
Removed Pin From Net: NetName=PF3 Pin=U18-7
Added Component: Designator=R8(RESC1005X40X25ML05T10)
Add component (AddParameter): Name = "Manufacturer"; Value = "Yageo / Phycomp"; VariantName = "[No Variations]"
Add component (AddParameter): Name = "Part Number"; Value = "RC0402FR-0722RL"; VariantName = "[No Variations]"
Add component (AddParameter): Name = "Resistance"; Value = "22O"; VariantName = "[No Variations]"
Added Component: Designator=R16(RESC1005X40X25ML05T10)
Add component (AddParameter): Name = "Manufacturer"; Value = "Yageo / Phycomp"; VariantName = "[No Variations]"
Add component (AddParameter): Name = "Part Number"; Value = "RC0402FR-0722RL"; VariantName = "[No Variations]"
Add component (AddParameter): Name = "Resistance"; Value = "22O"; VariantName = "[No Variations]"
Added Component: Designator=R17(RESC1005X40X25ML05T10)
Add component (AddParameter): Name = "Manufacturer"; Value = "Yageo / Phycomp"; VariantName = "[No Variations]"
Add component (AddParameter): Name = "Part Number"; Value = "RC0402FR-0722RL"; VariantName = "[No Variations]"
Add component (AddParameter): Name = "Resistance"; Value = "22O"; VariantName = "[No Variations]"
Added Component: Designator=R18(RESC1005X40X25ML05T10)
Add component (AddParameter): Name = "Manufacturer"; Value = "Yageo / Phycomp"; VariantName = "[No Variations]"
Add component (AddParameter): Name = "Part Number"; Value = "RC0402FR-0722RL"; VariantName = "[No Variations]"
Add component (AddParameter): Name = "Resistance"; Value = "22O"; VariantName = "[No Variations]"
Added Component: Designator=R19(RESC1005X40X25ML05T10)
Add component (AddParameter): Name = "Manufacturer"; Value = "Yageo / Phycomp"; VariantName = "[No Variations]"
Add component (AddParameter): Name = "Part Number"; Value = "RC0402FR-0722RL"; VariantName = "[No Variations]"
Add component (AddParameter): Name = "Resistance"; Value = "22O"; VariantName = "[No Variations]"
Added Component: Designator=R20(RESC1005X40X25ML05T10)
Add component (AddParameter): Name = "Manufacturer"; Value = "Yageo / Phycomp"; VariantName = "[No Variations]"
Add component (AddParameter): Name = "Part Number"; Value = "RC0402FR-0722RL"; VariantName = "[No Variations]"
Add component (AddParameter): Name = "Resistance"; Value = "22O"; VariantName = "[No Variations]"
Added Component: Designator=R27(RESC1005X40X25ML05T10)
Add component (AddParameter): Name = "Manufacturer"; Value = "Yageo / Phycomp"; VariantName = "[No Variations]"
Add component (AddParameter): Name = "Part Number"; Value = "RC0402FR-0722RL"; VariantName = "[No Variations]"
Add component (AddParameter): Name = "Resistance"; Value = "22O"; VariantName = "[No Variations]"
Added Component: Designator=R28(RESC1005X40X25ML05T10)
Add component (AddParameter): Name = "Manufacturer"; Value = "Yageo / Phycomp"; VariantName = "[No Variations]"
Add component (AddParameter): Name = "Part Number"; Value = "RC0402FR-0722RL"; VariantName = "[No Variations]"
Add component (AddParameter): Name = "Resistance"; Value = "22O"; VariantName = "[No Variations]"
Added Component: Designator=R29(RESC1005X40X25ML05T10)
Add component (AddParameter): Name = "Manufacturer"; Value = "Yageo / Phycomp"; VariantName = "[No Variations]"
Add component (AddParameter): Name = "Part Number"; Value = "RC0402FR-0722RL"; VariantName = "[No Variations]"
Add component (AddParameter): Name = "Resistance"; Value = "22O"; VariantName = "[No Variations]"
Added Pin To Net: NetName=PA5 Pin=R8-1
Added Pin To Net: NetName=PD7 Pin=R16-1
Added Pin To Net: NetName=SDI Pin=R16-2
Added Pin To Net: NetName=PB12 Pin=R17-2
Added Pin To Net: NetName=PB13 Pin=R18-2
Added Pin To Net: NetName=PF0 Pin=R19-2
Added Pin To Net: NetName=PF1 Pin=R20-2
Added Pin To Net: NetName=PF2 Pin=R27-2
Added Pin To Net: NetName=PF3 Pin=R28-2
Added Pin To Net: NetName=PF4 Pin=R29-2
Change Net Name : Old Net Name=PA5 New Net Name=PB10
Added Pin To Net: NetName=OCTOSPIM_P2_CLK Pin=R29-1
Added Pin To Net: NetName=OCTOSPIM_P2_CLK Pin=U18-6
Added Net: Name=OCTOSPIM_P2_CLK
Added Pin To Net: NetName=OCTOSPIM_P2_IO0 Pin=R19-1
Added Pin To Net: NetName=OCTOSPIM_P2_IO0 Pin=U18-5
Added Net: Name=OCTOSPIM_P2_IO0
Added Pin To Net: NetName=OCTOSPIM_P2_IO1 Pin=R20-1
Added Pin To Net: NetName=OCTOSPIM_P2_IO1 Pin=U18-2
Added Net: Name=OCTOSPIM_P2_IO1
Added Pin To Net: NetName=OCTOSPIM_P2_IO2 Pin=R27-1
Added Pin To Net: NetName=OCTOSPIM_P2_IO2 Pin=U18-3
Added Net: Name=OCTOSPIM_P2_IO2
Added Pin To Net: NetName=OCTOSPIM_P2_IO3 Pin=R28-1
Added Pin To Net: NetName=OCTOSPIM_P2_IO3 Pin=U18-7
Added Net: Name=OCTOSPIM_P2_IO3
Added Pin To Net: NetName=PA5 Pin=R8-2
Added Pin To Net: NetName=PA5 Pin=U1-41
Added Net: Name=PA5
Added Pin To Net: NetName=RMII_TXD0 Pin=R17-1
Added Pin To Net: NetName=RMII_TXD0 Pin=TP51-1
Added Pin To Net: NetName=RMII_TXD0 Pin=U13-3
Added Net: Name=RMII_TXD0
Added Pin To Net: NetName=RMII_TXD1 Pin=R18-1
Added Pin To Net: NetName=RMII_TXD1 Pin=TP52-1
Added Pin To Net: NetName=RMII_TXD1 Pin=U13-4
Added Net: Name=RMII_TXD1
Added Member To Class: ClassName=U_STM32_IO Member=Component R8 RC0402FR-0722RL
Added Member To Class: ClassName=U_STM32_IO Member=Component R16 RC0402FR-0722RL
Added Member To Class: ClassName=U_STM32_IO Member=Component R17 RC0402FR-0722RL
Added Member To Class: ClassName=U_STM32_IO Member=Component R18 RC0402FR-0722RL
Added Member To Class: ClassName=U_STM32_IO Member=Component R19 RC0402FR-0722RL
Added Member To Class: ClassName=U_STM32_IO Member=Component R20 RC0402FR-0722RL
Added Member To Class: ClassName=U_STM32_IO Member=Component R27 RC0402FR-0722RL
Added Member To Class: ClassName=U_STM32_IO Member=Component R28 RC0402FR-0722RL
Added Member To Class: ClassName=U_STM32_IO Member=Component R29 RC0402FR-0722RL
Added Member To Class: ClassName=U_DP83640 Member=Component R128 AC0603FR-0749R9L
