Removed Pin From Net: NetName=V0B_IN Pin=J16-1
Removed Pin From Net: NetName=GND Pin=J16-2
Removed Pin From Net: NetName=V1B_IN Pin=J16-3
Removed Pin From Net: NetName=GND Pin=J16-4
Removed Pin From Net: NetName=V2B_IN Pin=J16-5
Removed Pin From Net: NetName=GND Pin=J16-6
Removed Pin From Net: NetName=V3B_IN Pin=J16-7
Removed Pin From Net: NetName=GND Pin=J16-8
Removed Pin From Net: NetName=V4B_IN Pin=J17-1
Removed Pin From Net: NetName=GND Pin=J17-2
Removed Pin From Net: NetName=V5B_IN Pin=J17-3
Removed Pin From Net: NetName=GND Pin=J17-4
Removed Pin From Net: NetName=V6B_IN Pin=J17-5
Removed Pin From Net: NetName=GND Pin=J17-6
Removed Pin From Net: NetName=V7B_IN Pin=J17-7
Removed Pin From Net: NetName=GND Pin=J17-8
Removed Pin From Net: NetName=V7A_IN Pin=J18-1
Removed Pin From Net: NetName=GND Pin=J18-2
Removed Pin From Net: NetName=V6A_IN Pin=J18-3
Removed Pin From Net: NetName=GND Pin=J18-4
Removed Pin From Net: NetName=V5A_IN Pin=J18-5
Removed Pin From Net: NetName=GND Pin=J18-6
Removed Pin From Net: NetName=V4A_IN Pin=J18-7
Removed Pin From Net: NetName=GND Pin=J18-8
Removed Pin From Net: NetName=V3A_IN Pin=J19-1
Removed Pin From Net: NetName=GND Pin=J19-2
Removed Pin From Net: NetName=V2A_IN Pin=J19-3
Removed Pin From Net: NetName=GND Pin=J19-4
Removed Pin From Net: NetName=V1A_IN Pin=J19-5
Removed Pin From Net: NetName=GND Pin=J19-6
Removed Pin From Net: NetName=V0A_IN Pin=J19-7
Removed Pin From Net: NetName=GND Pin=J19-8
Removed Member From Class: ClassName=U_ADS8686S_BLOCK_A Member=J16
Removed Member From Class: ClassName=U_ADS8686S_BLOCK_A Member=J17
Removed Member From Class: ClassName=U_ADS8686S_BLOCK_A Member=J18
Removed Member From Class: ClassName=U_ADS8686S_BLOCK_A Member=J19
Added Component: Designator=J1(PHOENIX_1803484)
Add component (AddParameter): Name = "Availability"; Value = "Unavailable"; VariantName = "[No Variations]"
Add component (AddParameter): Name = "MF"; Value = "{'manufacturer': u'Phoenix Contact'}"; VariantName = "[No Variations]"
Add component (AddParameter): Name = "MP"; Value = "1803484"; VariantName = "[No Variations]"
Add component (AddParameter): Name = "Package"; Value = "None"; VariantName = "[No Variations]"
Add component (AddParameter): Name = "Price"; Value = "None"; VariantName = "[No Variations]"
Add component (AddParameter): Name = "Value"; Value = ""; VariantName = "[No Variations]"
Added Component: Designator=J5(PHOENIX_1803484)
Add component (AddParameter): Name = "Availability"; Value = "Unavailable"; VariantName = "[No Variations]"
Add component (AddParameter): Name = "MF"; Value = "{'manufacturer': u'Phoenix Contact'}"; VariantName = "[No Variations]"
Add component (AddParameter): Name = "MP"; Value = "1803484"; VariantName = "[No Variations]"
Add component (AddParameter): Name = "Package"; Value = "None"; VariantName = "[No Variations]"
Add component (AddParameter): Name = "Price"; Value = "None"; VariantName = "[No Variations]"
Add component (AddParameter): Name = "Value"; Value = ""; VariantName = "[No Variations]"
Added Component: Designator=J6(PHOENIX_1803484)
Add component (AddParameter): Name = "Availability"; Value = "Unavailable"; VariantName = "[No Variations]"
Add component (AddParameter): Name = "MF"; Value = "{'manufacturer': u'Phoenix Contact'}"; VariantName = "[No Variations]"
Add component (AddParameter): Name = "MP"; Value = "1803484"; VariantName = "[No Variations]"
Add component (AddParameter): Name = "Package"; Value = "None"; VariantName = "[No Variations]"
Add component (AddParameter): Name = "Price"; Value = "None"; VariantName = "[No Variations]"
Add component (AddParameter): Name = "Value"; Value = ""; VariantName = "[No Variations]"
Added Component: Designator=J7(PHOENIX_1803484)
Add component (AddParameter): Name = "Availability"; Value = "Unavailable"; VariantName = "[No Variations]"
Add component (AddParameter): Name = "MF"; Value = "{'manufacturer': u'Phoenix Contact'}"; VariantName = "[No Variations]"
Add component (AddParameter): Name = "MP"; Value = "1803484"; VariantName = "[No Variations]"
Add component (AddParameter): Name = "Package"; Value = "None"; VariantName = "[No Variations]"
Add component (AddParameter): Name = "Price"; Value = "None"; VariantName = "[No Variations]"
Add component (AddParameter): Name = "Value"; Value = ""; VariantName = "[No Variations]"
Added Pin To Net: NetName=GND Pin=J1-01
Added Pin To Net: NetName=V3B_IN Pin=J1-02
Added Pin To Net: NetName=GND Pin=J1-03
Added Pin To Net: NetName=V2B_IN Pin=J1-04
Added Pin To Net: NetName=GND Pin=J1-05
Added Pin To Net: NetName=V1B_IN Pin=J1-06
Added Pin To Net: NetName=GND Pin=J1-07
Added Pin To Net: NetName=V0B_IN Pin=J1-08
Added Pin To Net: NetName=GND Pin=J5-01
Added Pin To Net: NetName=V7B_IN Pin=J5-02
Added Pin To Net: NetName=GND Pin=J5-03
Added Pin To Net: NetName=V6B_IN Pin=J5-04
Added Pin To Net: NetName=GND Pin=J5-05
Added Pin To Net: NetName=V5B_IN Pin=J5-06
Added Pin To Net: NetName=GND Pin=J5-07
Added Pin To Net: NetName=V4B_IN Pin=J5-08
Added Pin To Net: NetName=GND Pin=J6-01
Added Pin To Net: NetName=V4A_IN Pin=J6-02
Added Pin To Net: NetName=GND Pin=J6-03
Added Pin To Net: NetName=V5A_IN Pin=J6-04
Added Pin To Net: NetName=GND Pin=J6-05
Added Pin To Net: NetName=V6A_IN Pin=J6-06
Added Pin To Net: NetName=GND Pin=J6-07
Added Pin To Net: NetName=V7A_IN Pin=J6-08
Added Pin To Net: NetName=GND Pin=J7-01
Added Pin To Net: NetName=V0A_IN Pin=J7-02
Added Pin To Net: NetName=GND Pin=J7-03
Added Pin To Net: NetName=V1A_IN Pin=J7-04
Added Pin To Net: NetName=GND Pin=J7-05
Added Pin To Net: NetName=V2A_IN Pin=J7-06
Added Pin To Net: NetName=GND Pin=J7-07
Added Pin To Net: NetName=V3A_IN Pin=J7-08
Added Member To Class: ClassName=U_ADS8686S_BLOCK_A Member=Component J1 1803484
Added Member To Class: ClassName=U_ADS8686S_BLOCK_A Member=Component J5 1803484
Added Member To Class: ClassName=U_ADS8686S_BLOCK_A Member=Component J6 1803484
Added Member To Class: ClassName=U_ADS8686S_BLOCK_A Member=Component J7 1803484
