Removed Pin From Net: NetName=PH0-OSC_IN Pin=C26-1
Removed Pin From Net: NetName=PH1-OSC_OUT Pin=C27-1
Removed Pin From Net: NetName=X1 Pin=C113-1
Removed Pin From Net: NetName=GND Pin=C113-2
Removed Pin From Net: NetName=X2 Pin=C114-1
Removed Pin From Net: NetName=GND Pin=C114-2
Removed Pin From Net: NetName=NRST Pin=D1-1
Removed Pin From Net: NetName=GND Pin=D1-2
Removed Pin From Net: NetName=NetD2_1 Pin=D2-1
Removed Pin From Net: NetName=GND Pin=D2-2
Removed Pin From Net: NetName=PH0-OSC_IN Pin=Y2-1
Removed Pin From Net: NetName=PH1-OSC_OUT Pin=Y2-3
Removed Pin From Net: NetName=GND Pin=Y2-4
Removed Pin From Net: NetName=X1 Pin=Y4-1
Removed Pin From Net: NetName=GND Pin=Y4-2
Removed Pin From Net: NetName=X2 Pin=Y4-3
Removed Pin From Net: NetName=GND Pin=Y4-4
Removed Member From Class: ClassName=U_STM32_IO Member=C27
Removed Member From Class: ClassName=U_DP83640 Member=C113
Removed Member From Class: ClassName=U_DP83640 Member=C114
Removed Member From Class: ClassName=U_STM32_IO Member=D1
Removed Member From Class: ClassName=U_STM32_IO Member=D2
Removed Member From Class: ClassName=U_DP83640 Member=Y4
Change Component Footprint: Designator=C26 Old Footprint=CAPC1005X55X25NL05T05 New Footprint=FP-CL165-IPC_B
Change Component Footprint: Designator=C27 Old Footprint=CAPC1005X55X25NL05T05 New Footprint=FP-CL165-IPC_B
Change Component Footprint: Designator=Y2 Old Footprint=FP-ABM8-MFG New Footprint=FP-ASE-MFG
Change Component Comment : Designator=Y2 Old Comment=ABM8-25.000MHZ-10-D1G-T New Comment=ASE-25.000MHZ-LR-T
Change Component Comment : Designator=C26 Old Comment=CC0402JRNPO9BN100 New Comment=CL05B103KB5NNNC
Change Component Comment : Designator=C27 Old Comment=CC0402JRNPO9BN100 New Comment=CL05B103KB5NNNC
Change Managed Component Library Link : Designator=C26 Old VaultGUID=B7D15EC3-160A-466F-A46C-7801FE6295A7 New VaultGUID=B7D15EC3-160A-466F-A46C-7801FE6295A7 Old ItemGUID=5E0A0615-753B-416E-8646-AF467CB3438A New ItemGUID=313CAD15-BE0F-4406-AADF-C1D843B3BC96 Old RevisionGUID=2C78D56B-0FDB-4C05-BB6C-10F02BE41BD0 New RevisionGUID=75F3E34E-1AF9-46A5-8510-3CC41B958B8D
Change Managed Component Library Link : Designator=C27 Old VaultGUID=B7D15EC3-160A-466F-A46C-7801FE6295A7 New VaultGUID=B7D15EC3-160A-466F-A46C-7801FE6295A7 Old ItemGUID=5E0A0615-753B-416E-8646-AF467CB3438A New ItemGUID=313CAD15-BE0F-4406-AADF-C1D843B3BC96 Old RevisionGUID=2C78D56B-0FDB-4C05-BB6C-10F02BE41BD0 New RevisionGUID=75F3E34E-1AF9-46A5-8510-3CC41B958B8D
Change Managed Component Library Link : Designator=Y2 Old VaultGUID=B7D15EC3-160A-466F-A46C-7801FE6295A7 New VaultGUID=B7D15EC3-160A-466F-A46C-7801FE6295A7 Old ItemGUID=AF1117F1-4DBE-4F19-9C26-7C48BEDFF7CB New ItemGUID=5644630A-D422-4283-86FF-F138D9D51F7F Old RevisionGUID=9E84BFEB-54EE-4547-8001-04F444AB981B New RevisionGUID=28802439-FE5A-4E00-A621-C6A6D8D78FFB
Change component parameters: Designator = "C26" ("C26"); Footprint = "CAPC1005X55X25NL05T05"; UniqueID = "\QZNRHAOZ\VHJEQTVL" ("\QZNRHAOZ\VHJEQTVL")
Change component parameters (AddParameter): Name = "Capacitance"; Value = "10nF"; VariantName = "[No Variations]"
Change component parameters (AddParameter): Name = "Case Code (Imperial)"; Value = "0402"; VariantName = "[No Variations]"
Change component parameters (AddParameter): Name = "Case Code (Metric)"; Value = "1005"; VariantName = "[No Variations]"
Change component parameters (AddParameter): Name = "Case/Package"; Value = "0402"; VariantName = "[No Variations]"
Change component parameters (AddParameter): Name = "Contact Plating"; Value = "Tin"; VariantName = "[No Variations]"
Change component parameters (AddParameter): Name = "Depth"; Value = "0.5mm"; VariantName = "[No Variations]"
Change component parameters (AddParameter): Name = "Dielectric"; Value = "X7R"; VariantName = "[No Variations]"
Change component parameters (AddParameter): Name = "Height"; Value = "0.5mm"; VariantName = "[No Variations]"
Change component parameters (AddParameter): Name = "Lead Free"; Value = "Lead Free"; VariantName = "[No Variations]"
Change component parameters (AddParameter): Name = "Length"; Value = "1mm"; VariantName = "[No Variations]"
Change component parameters (AddParameter): Name = "Material"; Value = "Ceramic"; VariantName = "[No Variations]"
Change component parameters (AddParameter): Name = "Max Operating Temperature"; Value = "125°C"; VariantName = "[No Variations]"
Change component parameters (AddParameter): Name = "Min Operating Temperature"; Value = "-55°C"; VariantName = "[No Variations]"
Change component parameters (AddParameter): Name = "Mount"; Value = "Surface Mount"; VariantName = "[No Variations]"
Change component parameters (AddParameter): Name = "Package Quantity"; Value = "1"; VariantName = "[No Variations]"
Change component parameters (AddParameter): Name = "Packaging"; Value = "Tape and Reel"; VariantName = "[No Variations]"
Change component parameters (AddParameter): Name = "Radiation Hardening"; Value = "No"; VariantName = "[No Variations]"
Change component parameters (AddParameter): Name = "Thickness"; Value = "0.022inch"; VariantName = "[No Variations]"
Change component parameters (AddParameter): Name = "Tolerance"; Value = "10%"; VariantName = "[No Variations]"
Change component parameters (AddParameter): Name = "Voltage"; Value = "50V"; VariantName = "[No Variations]"
Change component parameters (AddParameter): Name = "Voltage Rating"; Value = "50V"; VariantName = "[No Variations]"
Change component parameters (AddParameter): Name = "Voltage Rating (DC)"; Value = "50V"; VariantName = "[No Variations]"
Change component parameters (AddParameter): Name = "Width"; Value = "0.02inch"; VariantName = "[No Variations]"
Change component parameters: Designator = "C27" ("C27"); Footprint = "CAPC1005X55X25NL05T05"; UniqueID = "\RMBCILBN\JPWPJRXQ" ("\RMBCILBN\JPWPJRXQ")
Change component parameters (AddParameter): Name = "Capacitance"; Value = "10nF"; VariantName = "[No Variations]"
Change component parameters (AddParameter): Name = "Case Code (Imperial)"; Value = "0402"; VariantName = "[No Variations]"
Change component parameters (AddParameter): Name = "Case Code (Metric)"; Value = "1005"; VariantName = "[No Variations]"
Change component parameters (AddParameter): Name = "Case/Package"; Value = "0402"; VariantName = "[No Variations]"
Change component parameters (AddParameter): Name = "Contact Plating"; Value = "Tin"; VariantName = "[No Variations]"
Change component parameters (AddParameter): Name = "Depth"; Value = "0.5mm"; VariantName = "[No Variations]"
Change component parameters (AddParameter): Name = "Dielectric"; Value = "X7R"; VariantName = "[No Variations]"
Change component parameters (AddParameter): Name = "Height"; Value = "0.5mm"; VariantName = "[No Variations]"
Change component parameters (AddParameter): Name = "Lead Free"; Value = "Lead Free"; VariantName = "[No Variations]"
Change component parameters (AddParameter): Name = "Length"; Value = "1mm"; VariantName = "[No Variations]"
Change component parameters (AddParameter): Name = "Material"; Value = "Ceramic"; VariantName = "[No Variations]"
Change component parameters (AddParameter): Name = "Max Operating Temperature"; Value = "125°C"; VariantName = "[No Variations]"
Change component parameters (AddParameter): Name = "Min Operating Temperature"; Value = "-55°C"; VariantName = "[No Variations]"
Change component parameters (AddParameter): Name = "Mount"; Value = "Surface Mount"; VariantName = "[No Variations]"
Change component parameters (AddParameter): Name = "Package Quantity"; Value = "1"; VariantName = "[No Variations]"
Change component parameters (AddParameter): Name = "Packaging"; Value = "Tape and Reel"; VariantName = "[No Variations]"
Change component parameters (AddParameter): Name = "Radiation Hardening"; Value = "No"; VariantName = "[No Variations]"
Change component parameters (AddParameter): Name = "Thickness"; Value = "0.022inch"; VariantName = "[No Variations]"
Change component parameters (AddParameter): Name = "Tolerance"; Value = "10%"; VariantName = "[No Variations]"
Change component parameters (AddParameter): Name = "Voltage"; Value = "50V"; VariantName = "[No Variations]"
Change component parameters (AddParameter): Name = "Voltage Rating"; Value = "50V"; VariantName = "[No Variations]"
Change component parameters (AddParameter): Name = "Voltage Rating (DC)"; Value = "50V"; VariantName = "[No Variations]"
Change component parameters (AddParameter): Name = "Width"; Value = "0.02inch"; VariantName = "[No Variations]"
Change component parameters: Designator = "Y2" ("Y2"); Footprint = "FP-ABM8-MFG"; UniqueID = "\QZNRHAOZ\PDJWUFBE" ("\QZNRHAOZ\PDJWUFBE")
Change component parameters (AddParameter): Name = "Case/Package"; Value = "SMD/SMT"; VariantName = "[No Variations]"
Change component parameters (AddParameter): Name = "Frequency"; Value = "25MHz"; VariantName = "[No Variations]"
Change component parameters (AddParameter): Name = "Frequency Stability"; Value = "25ppm"; VariantName = "[No Variations]"
Change component parameters (AddParameter): Name = "Height"; Value = "0.047inch"; VariantName = "[No Variations]"
Change component parameters (AddParameter): Name = "Lead Free"; Value = "Lead Free"; VariantName = "[No Variations]"
Change component parameters (AddParameter): Name = "Length"; Value = "0.126inch"; VariantName = "[No Variations]"
Change component parameters (AddParameter): Name = "Load Capacitance"; Value = "15pF"; VariantName = "[No Variations]"
Change component parameters (AddParameter): Name = "Max Operating Temperature"; Value = "85°C"; VariantName = "[No Variations]"
Change component parameters (AddParameter): Name = "Max Supply Current"; Value = "13mA"; VariantName = "[No Variations]"
Change component parameters (AddParameter): Name = "Max Supply Voltage"; Value = "3.465V"; VariantName = "[No Variations]"
Change component parameters (AddParameter): Name = "Min Operating Temperature"; Value = "-40°C"; VariantName = "[No Variations]"
Change component parameters (AddParameter): Name = "Min Supply Voltage"; Value = "3.135V"; VariantName = "[No Variations]"
Change component parameters (AddParameter): Name = "Mount"; Value = "Surface Mount"; VariantName = "[No Variations]"
Change component parameters (AddParameter): Name = "Number of Pins"; Value = "4"; VariantName = "[No Variations]"
Change component parameters (AddParameter): Name = "Operating Frequency"; Value = "25 MHz"; VariantName = "[No Variations]"
Change component parameters (AddParameter): Name = "Operating Supply Voltage"; Value = "3.3V"; VariantName = "[No Variations]"
Change component parameters (AddParameter): Name = "Package Quantity"; Value = "1000"; VariantName = "[No Variations]"
Change component parameters (AddParameter): Name = "Packaging"; Value = "Tape and Reel"; VariantName = "[No Variations]"
Change component parameters (AddParameter): Name = "REACH SVHC"; Value = "No SVHC"; VariantName = "[No Variations]"
Change component parameters (AddParameter): Name = "Series"; Value = "ASE"; VariantName = "[No Variations]"
Change component parameters (AddParameter): Name = "Termination"; Value = "SMD/SMT"; VariantName = "[No Variations]"
Change component parameters (AddParameter): Name = "Width"; Value = "0.098inch"; VariantName = "[No Variations]"
Added Component: Designator=Y3(FP-ASE-MFG)
Add component (AddParameter): Name = "Case/Package"; Value = "SMD/SMT"; VariantName = "[No Variations]"
Add component (AddParameter): Name = "Frequency"; Value = "25MHz"; VariantName = "[No Variations]"
Add component (AddParameter): Name = "Frequency Stability"; Value = "25ppm"; VariantName = "[No Variations]"
Add component (AddParameter): Name = "Height"; Value = "0.047inch"; VariantName = "[No Variations]"
Add component (AddParameter): Name = "Lead Free"; Value = "Lead Free"; VariantName = "[No Variations]"
Add component (AddParameter): Name = "Length"; Value = "0.126inch"; VariantName = "[No Variations]"
Add component (AddParameter): Name = "Load Capacitance"; Value = "15pF"; VariantName = "[No Variations]"
Add component (AddParameter): Name = "Max Operating Temperature"; Value = "85°C"; VariantName = "[No Variations]"
Add component (AddParameter): Name = "Max Supply Current"; Value = "13mA"; VariantName = "[No Variations]"
Add component (AddParameter): Name = "Max Supply Voltage"; Value = "3.465V"; VariantName = "[No Variations]"
Add component (AddParameter): Name = "Min Operating Temperature"; Value = "-40°C"; VariantName = "[No Variations]"
Add component (AddParameter): Name = "Min Supply Voltage"; Value = "3.135V"; VariantName = "[No Variations]"
Add component (AddParameter): Name = "Mount"; Value = "Surface Mount"; VariantName = "[No Variations]"
Add component (AddParameter): Name = "Number of Pins"; Value = "4"; VariantName = "[No Variations]"
Add component (AddParameter): Name = "Operating Frequency"; Value = "25 MHz"; VariantName = "[No Variations]"
Add component (AddParameter): Name = "Operating Supply Voltage"; Value = "3.3V"; VariantName = "[No Variations]"
Add component (AddParameter): Name = "Package Quantity"; Value = "1000"; VariantName = "[No Variations]"
Add component (AddParameter): Name = "Packaging"; Value = "Tape and Reel"; VariantName = "[No Variations]"
Add component (AddParameter): Name = "REACH SVHC"; Value = "No SVHC"; VariantName = "[No Variations]"
Add component (AddParameter): Name = "Series"; Value = "ASE"; VariantName = "[No Variations]"
Add component (AddParameter): Name = "Termination"; Value = "SMD/SMT"; VariantName = "[No Variations]"
Add component (AddParameter): Name = "Width"; Value = "0.098inch"; VariantName = "[No Variations]"
Added Pin To Net: NetName=+3.3V Pin=C26-1
Added Pin To Net: NetName=+3.3V Pin=C27-1
Added Pin To Net: NetName=+3.3V Pin=Y2-1
Added Pin To Net: NetName=PC14-OSC32_IN Pin=Y2-3
Added Pin To Net: NetName=+3.3V Pin=Y2-4
Added Pin To Net: NetName=+3.3V Pin=Y3-1
Added Pin To Net: NetName=GND Pin=Y3-2
Added Pin To Net: NetName=X1 Pin=Y3-3
Added Pin To Net: NetName=+3.3V Pin=Y3-4
Change Net Name : Old Net Name=NetD2_1 New Net Name=NetR9_2
Added Member To Class: ClassName=U_DP83640 Member=Component C27 CL05B103KB5NNNC
Added Member To Class: ClassName=U_DP83640 Member=Component Y3 ASE-25.000MHZ-LR-T
