Added Component: Designator=U1(FP-LQFP144-1A-IPC_C)
Added Component: Designator=U2(FP-LQFP144-1A-IPC_C)
Add Pin To Net: Unknown Pin: Pin U1-1
Add Pin To Net: Unknown Pin: Pin U1-2
Add Pin To Net: Unknown Pin: Pin U1-3
Add Pin To Net: Unknown Pin: Pin U1-4
Add Pin To Net: Unknown Pin: Pin U1-5
Add Pin To Net: Unknown Pin: Pin U1-7
Add Pin To Net: Unknown Pin: Pin U1-8
Add Pin To Net: Unknown Pin: Pin U1-9
Add Pin To Net: Unknown Pin: Pin U1-10
Add Pin To Net: Unknown Pin: Pin U1-11
Add Pin To Net: Unknown Pin: Pin U1-12
Add Pin To Net: Unknown Pin: Pin U1-13
Add Pin To Net: Unknown Pin: Pin U1-14
Add Pin To Net: Unknown Pin: Pin U1-15
Add Pin To Net: Unknown Pin: Pin U1-18
Add Pin To Net: Unknown Pin: Pin U1-19
Add Pin To Net: Unknown Pin: Pin U1-20
Add Pin To Net: Unknown Pin: Pin U1-21
Add Pin To Net: Unknown Pin: Pin U1-22
Add Pin To Net: Unknown Pin: Pin U1-23
Add Pin To Net: Unknown Pin: Pin U1-24
Add Pin To Net: Unknown Pin: Pin U1-25
Add Pin To Net: Unknown Pin: Pin U1-26
Add Pin To Net: Unknown Pin: Pin U1-27
Add Pin To Net: Unknown Pin: Pin U1-28
Add Pin To Net: Unknown Pin: Pin U1-29
Add Pin To Net: Unknown Pin: Pin U1-34
Add Pin To Net: Unknown Pin: Pin U1-35
Add Pin To Net: Unknown Pin: Pin U1-36
Add Pin To Net: Unknown Pin: Pin U1-37
Add Pin To Net: Unknown Pin: Pin U1-40
Add Pin To Net: Unknown Pin: Pin U1-41
Add Pin To Net: Unknown Pin: Pin U1-42
Add Pin To Net: Unknown Pin: Pin U1-43
Add Pin To Net: Unknown Pin: Pin U1-44
Add Pin To Net: Unknown Pin: Pin U1-45
Add Pin To Net: Unknown Pin: Pin U1-46
Add Pin To Net: Unknown Pin: Pin U1-47
Add Pin To Net: Unknown Pin: Pin U1-48
Add Pin To Net: Unknown Pin: Pin U1-49
Add Pin To Net: Unknown Pin: Pin U1-50
Add Pin To Net: Unknown Pin: Pin U1-53
Add Pin To Net: Unknown Pin: Pin U1-54
Add Pin To Net: Unknown Pin: Pin U1-55
Add Pin To Net: Unknown Pin: Pin U1-56
Add Pin To Net: Unknown Pin: Pin U1-57
Add Pin To Net: Unknown Pin: Pin U1-58
Add Pin To Net: Unknown Pin: Pin U1-59
Add Pin To Net: Unknown Pin: Pin U1-60
Add Pin To Net: Unknown Pin: Pin U1-63
Add Pin To Net: Unknown Pin: Pin U1-64
Add Pin To Net: Unknown Pin: Pin U1-65
Add Pin To Net: Unknown Pin: Pin U1-66
Add Pin To Net: Unknown Pin: Pin U1-67
Add Pin To Net: Unknown Pin: Pin U1-68
Add Pin To Net: Unknown Pin: Pin U1-69
Add Pin To Net: Unknown Pin: Pin U1-70
Add Pin To Net: Unknown Pin: Pin U1-73
Add Pin To Net: Unknown Pin: Pin U1-74
Add Pin To Net: Unknown Pin: Pin U1-75
Add Pin To Net: Unknown Pin: Pin U1-76
Add Pin To Net: Unknown Pin: Pin U1-77
Add Pin To Net: Unknown Pin: Pin U1-78
Add Pin To Net: Unknown Pin: Pin U1-79
Add Pin To Net: Unknown Pin: Pin U1-80
Add Pin To Net: Unknown Pin: Pin U1-81
Add Pin To Net: Unknown Pin: Pin U1-82
Add Pin To Net: Unknown Pin: Pin U1-85
Add Pin To Net: Unknown Pin: Pin U1-86
Add Pin To Net: Unknown Pin: Pin U1-87
Add Pin To Net: Unknown Pin: Pin U1-88
Add Pin To Net: Unknown Pin: Pin U1-89
Add Pin To Net: Unknown Pin: Pin U1-90
Add Pin To Net: Unknown Pin: Pin U1-91
Add Pin To Net: Unknown Pin: Pin U1-92
Add Pin To Net: Unknown Pin: Pin U1-93
Add Pin To Net: Unknown Pin: Pin U1-96
Add Pin To Net: Unknown Pin: Pin U1-97
Add Pin To Net: Unknown Pin: Pin U1-98
Add Pin To Net: Unknown Pin: Pin U1-99
Add Pin To Net: Unknown Pin: Pin U1-100
Add Pin To Net: Unknown Pin: Pin U1-101
Add Pin To Net: Unknown Pin: Pin U1-102
Add Pin To Net: Unknown Pin: Pin U1-103
Add Pin To Net: Unknown Pin: Pin U1-104
Add Pin To Net: Unknown Pin: Pin U1-105
Add Pin To Net: Unknown Pin: Pin U1-109
Add Pin To Net: Unknown Pin: Pin U1-110
Add Pin To Net: Unknown Pin: Pin U1-111
Add Pin To Net: Unknown Pin: Pin U1-112
Add Pin To Net: Unknown Pin: Pin U1-113
Add Pin To Net: Unknown Pin: Pin U1-114
Add Pin To Net: Unknown Pin: Pin U1-115
Add Pin To Net: Unknown Pin: Pin U1-116
Add Pin To Net: Unknown Pin: Pin U1-117
Add Pin To Net: Unknown Pin: Pin U1-118
Add Pin To Net: Unknown Pin: Pin U1-119
Add Pin To Net: Unknown Pin: Pin U1-122
Add Pin To Net: Unknown Pin: Pin U1-123
Add Pin To Net: Unknown Pin: Pin U1-124
Add Pin To Net: Unknown Pin: Pin U1-125
Add Pin To Net: Unknown Pin: Pin U1-126
Add Pin To Net: Unknown Pin: Pin U1-127
Add Pin To Net: Unknown Pin: Pin U1-128
Add Pin To Net: Unknown Pin: Pin U1-129
Add Pin To Net: Unknown Pin: Pin U1-132
Add Pin To Net: Unknown Pin: Pin U1-133
Add Pin To Net: Unknown Pin: Pin U1-134
Add Pin To Net: Unknown Pin: Pin U1-135
Add Pin To Net: Unknown Pin: Pin U1-136
Add Pin To Net: Unknown Pin: Pin U1-137
Add Pin To Net: Unknown Pin: Pin U1-138
Add Pin To Net: Unknown Pin: Pin U1-139
Add Pin To Net: Unknown Pin: Pin U1-140
Add Pin To Net: Unknown Pin: Pin U1-141
Add Pin To Net: Unknown Pin: Pin U1-142
Add Pin To Net: Unknown Pin: Pin U1-143
Add Pin To Net: Unknown Pin: Pin U2-6
Add Pin To Net: Unknown Pin: Pin U2-16
Add Pin To Net: Unknown Pin: Pin U2-17
Add Pin To Net: Unknown Pin: Pin U2-30
Add Pin To Net: Unknown Pin: Pin U2-31
Add Pin To Net: Unknown Pin: Pin U2-32
Add Pin To Net: Unknown Pin: Pin U2-33
Add Pin To Net: Unknown Pin: Pin U2-38
Add Pin To Net: Unknown Pin: Pin U2-39
Add Pin To Net: Unknown Pin: Pin U2-51
Add Pin To Net: Unknown Pin: Pin U2-52
Add Pin To Net: Unknown Pin: Pin U2-61
Add Pin To Net: Unknown Pin: Pin U2-62
Add Pin To Net: Unknown Pin: Pin U2-71
Add Pin To Net: Unknown Pin: Pin U2-72
Add Pin To Net: Unknown Pin: Pin U2-83
Add Pin To Net: Unknown Pin: Pin U2-84
Add Pin To Net: Unknown Pin: Pin U2-94
Add Pin To Net: Unknown Pin: Pin U2-95
Add Pin To Net: Unknown Pin: Pin U2-106
Add Pin To Net: Unknown Pin: Pin U2-107
Add Pin To Net: Unknown Pin: Pin U2-108
Add Pin To Net: Unknown Pin: Pin U2-120
Add Pin To Net: Unknown Pin: Pin U2-121
Add Pin To Net: Unknown Pin: Pin U2-130
Add Pin To Net: Unknown Pin: Pin U2-131
Add Pin To Net: Unknown Pin: Pin U2-144
Added Member To Class: ClassName=U_STM32_IO Member=Component BT1 S8421-45R
Added Member To Class: ClassName=U_STM32_IO Member=Component C1 CL05B104KO5VPNC
Added Member To Class: ClassName=U_STM32_IO Member=Component C2 CL05B104KO5VPNC
Added Member To Class: ClassName=U_STM32_IO Member=Component C3 C1608X5R1C475K080AC
Added Member To Class: ClassName=U_STM32_IO Member=Component C4 CL05B104KO5VPNC
Added Member To Class: ClassName=U_STM32_IO Member=Component C5 CL05B104KO5VPNC
Added Member To Class: ClassName=U_STM32_IO Member=Component C6 CL05B104KO5VPNC
Added Member To Class: ClassName=U_STM32_IO Member=Component C7 CL05B104KO5VPNC
Added Member To Class: ClassName=U_STM32_IO Member=Component C8 CL05B104KO5VPNC
Added Member To Class: ClassName=U_STM32_IO Member=Component C9 CL05B104KO5VPNC
Added Member To Class: ClassName=U_STM32_IO Member=Component C10 CL05B104KO5VPNC
Added Member To Class: ClassName=U_STM32_IO Member=Component C11 CL05B104KO5VPNC
Added Member To Class: ClassName=U_STM32_IO Member=Component C12 CL05B104KO5VPNC
Added Member To Class: ClassName=U_STM32_IO Member=Component C13 CL05B104KO5VPNC
Added Member To Class: ClassName=U_STM32_IO Member=Component C14 CL05B104KO5VPNC
Added Member To Class: ClassName=U_STM32_IO Member=Component C15 CL05B104KO5VPNC
Added Member To Class: ClassName=U_STM32_IO Member=Component C16 GCM188R71E105KA64D
Added Member To Class: ClassName=U_STM32_IO Member=Component C17 CL05B104KO5VPNC
Added Member To Class: ClassName=U_STM32_IO Member=Component C18 CL05B104KO5VPNC
Added Member To Class: ClassName=U_STM32_IO Member=Component C19 CL10A225KO8NNNC
Added Member To Class: ClassName=U_STM32_IO Member=Component C20 CL10A225KO8NNNC
Added Member To Class: ClassName=U_STM32_IO Member=Component C21 GCM188R71E105KA64D
Added Member To Class: ClassName=U_STM32_IO Member=Component FB1 BLM18SG121TN1D
Added Member To Class: ClassName=U_STM32_IO Member=Component J1 SNT-100-BK-G
Added Member To Class: ClassName=U_STM32_IO Member=Component P1 TSW-103-07-G-S
Add Class Member: Failed to add class member : Component U1 STM32H723ZGT6
Add Class Member: Failed to add class member : Component U2 STM32H723ZGT6
