Removed Pin From Net: NetName=VDDA Pin=C2-1
Removed Pin From Net: NetName=GND Pin=C2-2
Removed Member From Class: ClassName=U_STM32_POWER Member=C2
Change Component Footprint: Designator=J20 Old Footprint=694106301002 New Footprint=694106301002
Change Component Footprint: Designator=U7 Old Footprint=FP-C04-091-OT-MFG New Footprint=FP-C04-091-OT-MFG
Change Component Footprint: Designator=U9 Old Footprint=FP-C04-091-OT-MFG New Footprint=FP-C04-091-OT-MFG
Change Component Footprint: Designator=R111 Old Footprint=FP-ERJ3EK-IPC_B New Footprint=FP-ERJ3EK-IPC_B
Change Component Footprint: Designator=C16 Old Footprint=FP-GCM188-0_1-IPC_B New Footprint=FP-GCM188-0_1-IPC_B
Change Component Footprint: Designator=C21 Old Footprint=FP-GCM188-0_1-IPC_B New Footprint=FP-GCM188-0_1-IPC_B
Change Component Footprint: Designator=C96 Old Footprint=FP-GCM188-0_1-IPC_B New Footprint=FP-GCM188-0_1-IPC_B
Change Component Footprint: Designator=C160 Old Footprint=FP-GCM188-0_1-IPC_B New Footprint=FP-GCM188-0_1-IPC_B
Change Component Footprint: Designator=U19 Old Footprint=FP-ST-80-2-IPC_A New Footprint=FP-ST-80-2-IPC_A
Change Component Footprint: Designator=D3 Old Footprint=WL-SMCW_0603_150060xx75000 New Footprint=WL-SMCW_0603_150060xx75000
Change Component Footprint: Designator=D4 Old Footprint=WL-SMCW_0603_150060xx75000 New Footprint=WL-SMCW_0603_150060xx75000
Change Component Footprint: Designator=D5 Old Footprint=WL-SMCW_0603_150060xx75000 New Footprint=WL-SMCW_0603_150060xx75000
Change Component Footprint: Designator=D7 Old Footprint=WL-SMCW_0603_150060xx75000 New Footprint=WL-SMCW_0603_150060xx75000
Change Component Footprint: Designator=D8 Old Footprint=WL-SMCW_0603_150060xx75000 New Footprint=WL-SMCW_0603_150060xx75000
Change Component Footprint: Designator=D11 Old Footprint=WL-SMCW_0603_150060xx75000 New Footprint=WL-SMCW_0603_150060xx75000
Change Component Footprint: Designator=D13 Old Footprint=WL-SMCW_0603_150060xx75000 New Footprint=WL-SMCW_0603_150060xx75000
Change Component Footprint: Designator=D14 Old Footprint=WL-SMCW_0603_150060xx75000 New Footprint=WL-SMCW_0603_150060xx75000
Change Component Footprint: Designator=D15 Old Footprint=WL-SMCW_0603_150060xx75000 New Footprint=WL-SMCW_0603_150060xx75000
Change Component Footprint: Designator=D16 Old Footprint=WL-SMCW_0603_150060xx75000 New Footprint=WL-SMCW_0603_150060xx75000
Change Component Footprint: Designator=D17 Old Footprint=WL-SMCW_0603_150060xx75000 New Footprint=WL-SMCW_0603_150060xx75000
Change Component Footprint: Designator=D18 Old Footprint=WL-SMCW_0603_150060xx75000 New Footprint=WL-SMCW_0603_150060xx75000
Change Component Footprint: Designator=D19 Old Footprint=WL-SMCW_0603_150060xx75000 New Footprint=WL-SMCW_0603_150060xx75000
Change Component Footprint: Designator=D20 Old Footprint=WL-SMCW_0603_150060xx75000 New Footprint=WL-SMCW_0603_150060xx75000
Change Component Footprint: Designator=D21 Old Footprint=WL-SMCW_0603_150060xx75000 New Footprint=WL-SMCW_0603_150060xx75000
